<?xml version="1.0" encoding="UTF-8"?>
<!-- Generated by org.testng.reporters.JUnitReportReporter -->
<testsuite skipped="0" hostname="DESKTOP-TA44A6S" name="com.demostore.runner.TestRunner" tests="1" failures="0" timestamp="14 abr 2018 15:06:27 GMT" time="10.959" errors="0">
  <testcase name="feature" time="10.959" classname="com.demostore.runner.TestRunner"/>
</testsuite> <!-- com.demostore.runner.TestRunner -->
